[INFO] [2016-12-14 13:02:02][org.springframework.test.context.support.DefaultTestContextBootstrapper]Loaded default TestExecutionListener class names from location [META-INF/spring.factories]: [org.springframework.test.context.web.ServletTestExecutionListener, org.springframework.test.context.support.DependencyInjectionTestExecutionListener, org.springframework.test.context.support.DirtiesContextTestExecutionListener, org.springframework.test.context.transaction.TransactionalTestExecutionListener, org.springframework.test.context.jdbc.SqlScriptsTestExecutionListener]
[INFO] [2016-12-14 13:02:02][org.springframework.test.context.support.DefaultTestContextBootstrapper]Using TestExecutionListeners: [org.springframework.test.context.web.ServletTestExecutionListener@7e13efdf, org.springframework.test.context.support.DependencyInjectionTestExecutionListener@4ee95a23, org.springframework.test.context.support.DirtiesContextTestExecutionListener@3a1cd84e, org.springframework.test.context.transaction.TransactionalTestExecutionListener@3bbd06b0, org.springframework.test.context.jdbc.SqlScriptsTestExecutionListener@77022b73]
[INFO] [2016-12-14 13:02:02][org.springframework.beans.factory.xml.XmlBeanDefinitionReader]Loading XML bean definitions from class path resource [spring-mybatis.xml]
[INFO] [2016-12-14 13:02:02][org.springframework.context.support.GenericApplicationContext]Refreshing org.springframework.context.support.GenericApplicationContext@454b70a9: startup date [Wed Dec 14 13:02:02 CST 2016]; root of context hierarchy
[INFO] [2016-12-14 13:02:02][org.springframework.beans.factory.config.PropertyPlaceholderConfigurer]Loading properties file from class path resource [jdbc.properties]
[INFO] [2016-12-14 13:02:02][org.springframework.beans.factory.annotation.AutowiredAnnotationBeanPostProcessor]JSR-330 'javax.inject.Inject' annotation found and supported for autowiring
[INFO] [2016-12-14 13:02:03][com.alibaba.druid.pool.DruidDataSource]{dataSource-1} inited
[INFO] [2016-12-14 13:02:04][org.lf.yydp.etl.load.BaseLoad]File downLoad success: D:\mygit\yydp\yydp\temp\beijing
[INFO] [2016-12-14 13:02:04][org.springframework.context.support.GenericApplicationContext]Closing org.springframework.context.support.GenericApplicationContext@454b70a9: startup date [Wed Dec 14 13:02:02 CST 2016]; root of context hierarchy
[INFO] [2016-12-14 13:02:04][com.alibaba.druid.pool.DruidDataSource]{dataSource-1} closed
[INFO] [2016-12-14 13:04:01][org.springframework.test.context.support.DefaultTestContextBootstrapper]Loaded default TestExecutionListener class names from location [META-INF/spring.factories]: [org.springframework.test.context.web.ServletTestExecutionListener, org.springframework.test.context.support.DependencyInjectionTestExecutionListener, org.springframework.test.context.support.DirtiesContextTestExecutionListener, org.springframework.test.context.transaction.TransactionalTestExecutionListener, org.springframework.test.context.jdbc.SqlScriptsTestExecutionListener]
[INFO] [2016-12-14 13:04:01][org.springframework.test.context.support.DefaultTestContextBootstrapper]Using TestExecutionListeners: [org.springframework.test.context.web.ServletTestExecutionListener@684aaace, org.springframework.test.context.support.DependencyInjectionTestExecutionListener@7e13efdf, org.springframework.test.context.support.DirtiesContextTestExecutionListener@4ee95a23, org.springframework.test.context.transaction.TransactionalTestExecutionListener@3a1cd84e, org.springframework.test.context.jdbc.SqlScriptsTestExecutionListener@3bbd06b0]
[INFO] [2016-12-14 13:04:01][org.springframework.beans.factory.xml.XmlBeanDefinitionReader]Loading XML bean definitions from class path resource [spring-mybatis.xml]
[INFO] [2016-12-14 13:04:02][org.springframework.context.support.GenericApplicationContext]Refreshing org.springframework.context.support.GenericApplicationContext@364e2899: startup date [Wed Dec 14 13:04:02 CST 2016]; root of context hierarchy
[INFO] [2016-12-14 13:04:02][org.springframework.beans.factory.config.PropertyPlaceholderConfigurer]Loading properties file from class path resource [jdbc.properties]
[INFO] [2016-12-14 13:04:02][org.springframework.beans.factory.annotation.AutowiredAnnotationBeanPostProcessor]JSR-330 'javax.inject.Inject' annotation found and supported for autowiring
[INFO] [2016-12-14 13:04:02][com.alibaba.druid.pool.DruidDataSource]{dataSource-1} inited
[INFO] [2016-12-14 13:04:02][org.lf.yydp.etl.load.BaseLoad]D:\mygit\yydp\yydp\temp\beijing is extist!
[INFO] [2016-12-14 13:04:03][org.springframework.context.support.GenericApplicationContext]Closing org.springframework.context.support.GenericApplicationContext@364e2899: startup date [Wed Dec 14 13:04:02 CST 2016]; root of context hierarchy
[INFO] [2016-12-14 13:04:03][com.alibaba.druid.pool.DruidDataSource]{dataSource-1} closed
[INFO] [2016-12-14 13:06:03][org.springframework.test.context.support.DefaultTestContextBootstrapper]Loaded default TestExecutionListener class names from location [META-INF/spring.factories]: [org.springframework.test.context.web.ServletTestExecutionListener, org.springframework.test.context.support.DependencyInjectionTestExecutionListener, org.springframework.test.context.support.DirtiesContextTestExecutionListener, org.springframework.test.context.transaction.TransactionalTestExecutionListener, org.springframework.test.context.jdbc.SqlScriptsTestExecutionListener]
[INFO] [2016-12-14 13:06:03][org.springframework.test.context.support.DefaultTestContextBootstrapper]Using TestExecutionListeners: [org.springframework.test.context.web.ServletTestExecutionListener@3a1cd84e, org.springframework.test.context.support.DependencyInjectionTestExecutionListener@3bbd06b0, org.springframework.test.context.support.DirtiesContextTestExecutionListener@77022b73, org.springframework.test.context.transaction.TransactionalTestExecutionListener@2f72c80f, org.springframework.test.context.jdbc.SqlScriptsTestExecutionListener@18ac691f]
[INFO] [2016-12-14 13:06:04][org.springframework.beans.factory.xml.XmlBeanDefinitionReader]Loading XML bean definitions from class path resource [spring-mybatis.xml]
[INFO] [2016-12-14 13:06:04][org.springframework.context.support.GenericApplicationContext]Refreshing org.springframework.context.support.GenericApplicationContext@19eec137: startup date [Wed Dec 14 13:06:04 CST 2016]; root of context hierarchy
[INFO] [2016-12-14 13:06:04][org.springframework.beans.factory.config.PropertyPlaceholderConfigurer]Loading properties file from class path resource [jdbc.properties]
[INFO] [2016-12-14 13:06:04][org.springframework.beans.factory.annotation.AutowiredAnnotationBeanPostProcessor]JSR-330 'javax.inject.Inject' annotation found and supported for autowiring
[INFO] [2016-12-14 13:06:04][com.alibaba.druid.pool.DruidDataSource]{dataSource-1} inited
[INFO] [2016-12-14 13:06:05][org.lf.yydp.load.BaseLoad]D:\mygit\yydp\yydp\temp\beijing is extist!
[INFO] [2016-12-14 13:06:05][org.springframework.context.support.GenericApplicationContext]Closing org.springframework.context.support.GenericApplicationContext@19eec137: startup date [Wed Dec 14 13:06:04 CST 2016]; root of context hierarchy
[INFO] [2016-12-14 13:06:05][com.alibaba.druid.pool.DruidDataSource]{dataSource-1} closed
[INFO] [2016-12-14 13:06:54][org.springframework.test.context.support.DefaultTestContextBootstrapper]Loaded default TestExecutionListener class names from location [META-INF/spring.factories]: [org.springframework.test.context.web.ServletTestExecutionListener, org.springframework.test.context.support.DependencyInjectionTestExecutionListener, org.springframework.test.context.support.DirtiesContextTestExecutionListener, org.springframework.test.context.transaction.TransactionalTestExecutionListener, org.springframework.test.context.jdbc.SqlScriptsTestExecutionListener]
[INFO] [2016-12-14 13:06:54][org.springframework.test.context.support.DefaultTestContextBootstrapper]Using TestExecutionListeners: [org.springframework.test.context.web.ServletTestExecutionListener@3a1cd84e, org.springframework.test.context.support.DependencyInjectionTestExecutionListener@3bbd06b0, org.springframework.test.context.support.DirtiesContextTestExecutionListener@77022b73, org.springframework.test.context.transaction.TransactionalTestExecutionListener@2f72c80f, org.springframework.test.context.jdbc.SqlScriptsTestExecutionListener@18ac691f]
[INFO] [2016-12-14 13:06:54][org.springframework.beans.factory.xml.XmlBeanDefinitionReader]Loading XML bean definitions from class path resource [spring-mybatis.xml]
[INFO] [2016-12-14 13:06:55][org.springframework.context.support.GenericApplicationContext]Refreshing org.springframework.context.support.GenericApplicationContext@19eec137: startup date [Wed Dec 14 13:06:55 CST 2016]; root of context hierarchy
[INFO] [2016-12-14 13:06:55][org.springframework.beans.factory.config.PropertyPlaceholderConfigurer]Loading properties file from class path resource [jdbc.properties]
[INFO] [2016-12-14 13:06:55][org.springframework.beans.factory.annotation.AutowiredAnnotationBeanPostProcessor]JSR-330 'javax.inject.Inject' annotation found and supported for autowiring
[INFO] [2016-12-14 13:06:55][com.alibaba.druid.pool.DruidDataSource]{dataSource-1} inited
[INFO] [2016-12-14 13:06:55][org.lf.yydp.load.BaseLoad]D:\mygit\yydp\yydp\temp\beijing is extist!
[INFO] [2016-12-14 13:06:55][org.springframework.context.support.GenericApplicationContext]Closing org.springframework.context.support.GenericApplicationContext@19eec137: startup date [Wed Dec 14 13:06:55 CST 2016]; root of context hierarchy
[INFO] [2016-12-14 13:06:55][com.alibaba.druid.pool.DruidDataSource]{dataSource-1} closed
[INFO] [2016-12-14 13:08:22][org.springframework.test.context.support.DefaultTestContextBootstrapper]Loaded default TestExecutionListener class names from location [META-INF/spring.factories]: [org.springframework.test.context.web.ServletTestExecutionListener, org.springframework.test.context.support.DependencyInjectionTestExecutionListener, org.springframework.test.context.support.DirtiesContextTestExecutionListener, org.springframework.test.context.transaction.TransactionalTestExecutionListener, org.springframework.test.context.jdbc.SqlScriptsTestExecutionListener]
[INFO] [2016-12-14 13:08:22][org.springframework.test.context.support.DefaultTestContextBootstrapper]Using TestExecutionListeners: [org.springframework.test.context.web.ServletTestExecutionListener@3a1cd84e, org.springframework.test.context.support.DependencyInjectionTestExecutionListener@3bbd06b0, org.springframework.test.context.support.DirtiesContextTestExecutionListener@77022b73, org.springframework.test.context.transaction.TransactionalTestExecutionListener@2f72c80f, org.springframework.test.context.jdbc.SqlScriptsTestExecutionListener@18ac691f]
[INFO] [2016-12-14 13:08:22][org.springframework.beans.factory.xml.XmlBeanDefinitionReader]Loading XML bean definitions from class path resource [spring-mybatis.xml]
[INFO] [2016-12-14 13:08:22][org.springframework.context.support.GenericApplicationContext]Refreshing org.springframework.context.support.GenericApplicationContext@19eec137: startup date [Wed Dec 14 13:08:22 CST 2016]; root of context hierarchy
[INFO] [2016-12-14 13:08:23][org.springframework.beans.factory.config.PropertyPlaceholderConfigurer]Loading properties file from class path resource [jdbc.properties]
[INFO] [2016-12-14 13:08:23][org.springframework.beans.factory.annotation.AutowiredAnnotationBeanPostProcessor]JSR-330 'javax.inject.Inject' annotation found and supported for autowiring
[INFO] [2016-12-14 13:08:23][com.alibaba.druid.pool.DruidDataSource]{dataSource-1} inited
[INFO] [2016-12-14 13:08:23][org.lf.yydp.load.BaseLoad]D:\mygit\yydp\yydp\temp\beijing is extist!
[INFO] [2016-12-14 13:08:23][org.springframework.context.support.GenericApplicationContext]Closing org.springframework.context.support.GenericApplicationContext@19eec137: startup date [Wed Dec 14 13:08:22 CST 2016]; root of context hierarchy
[INFO] [2016-12-14 13:08:23][com.alibaba.druid.pool.DruidDataSource]{dataSource-1} closed
[INFO] [2016-12-14 13:32:59][org.springframework.test.context.support.DefaultTestContextBootstrapper]Loaded default TestExecutionListener class names from location [META-INF/spring.factories]: [org.springframework.test.context.web.ServletTestExecutionListener, org.springframework.test.context.support.DependencyInjectionTestExecutionListener, org.springframework.test.context.support.DirtiesContextTestExecutionListener, org.springframework.test.context.transaction.TransactionalTestExecutionListener, org.springframework.test.context.jdbc.SqlScriptsTestExecutionListener]
[INFO] [2016-12-14 13:32:59][org.springframework.test.context.support.DefaultTestContextBootstrapper]Using TestExecutionListeners: [org.springframework.test.context.web.ServletTestExecutionListener@684aaace, org.springframework.test.context.support.DependencyInjectionTestExecutionListener@7e13efdf, org.springframework.test.context.support.DirtiesContextTestExecutionListener@4ee95a23, org.springframework.test.context.transaction.TransactionalTestExecutionListener@3a1cd84e, org.springframework.test.context.jdbc.SqlScriptsTestExecutionListener@3bbd06b0]
[INFO] [2016-12-14 13:32:59][org.springframework.beans.factory.xml.XmlBeanDefinitionReader]Loading XML bean definitions from class path resource [spring-mybatis.xml]
[INFO] [2016-12-14 13:32:59][org.springframework.context.support.GenericApplicationContext]Refreshing org.springframework.context.support.GenericApplicationContext@364e2899: startup date [Wed Dec 14 13:32:59 CST 2016]; root of context hierarchy
[INFO] [2016-12-14 13:32:59][org.springframework.beans.factory.config.PropertyPlaceholderConfigurer]Loading properties file from class path resource [jdbc.properties]
[INFO] [2016-12-14 13:32:59][org.springframework.beans.factory.annotation.AutowiredAnnotationBeanPostProcessor]JSR-330 'javax.inject.Inject' annotation found and supported for autowiring
[INFO] [2016-12-14 13:32:59][com.alibaba.druid.pool.DruidDataSource]{dataSource-1} inited
[INFO] [2016-12-14 13:33:01][org.springframework.context.support.GenericApplicationContext]Closing org.springframework.context.support.GenericApplicationContext@364e2899: startup date [Wed Dec 14 13:32:59 CST 2016]; root of context hierarchy
[INFO] [2016-12-14 13:33:01][com.alibaba.druid.pool.DruidDataSource]{dataSource-1} closed
[INFO] [2016-12-14 13:36:45][org.springframework.test.context.support.DefaultTestContextBootstrapper]Loaded default TestExecutionListener class names from location [META-INF/spring.factories]: [org.springframework.test.context.web.ServletTestExecutionListener, org.springframework.test.context.support.DependencyInjectionTestExecutionListener, org.springframework.test.context.support.DirtiesContextTestExecutionListener, org.springframework.test.context.transaction.TransactionalTestExecutionListener, org.springframework.test.context.jdbc.SqlScriptsTestExecutionListener]
[INFO] [2016-12-14 13:36:45][org.springframework.test.context.support.DefaultTestContextBootstrapper]Using TestExecutionListeners: [org.springframework.test.context.web.ServletTestExecutionListener@684aaace, org.springframework.test.context.support.DependencyInjectionTestExecutionListener@7e13efdf, org.springframework.test.context.support.DirtiesContextTestExecutionListener@4ee95a23, org.springframework.test.context.transaction.TransactionalTestExecutionListener@3a1cd84e, org.springframework.test.context.jdbc.SqlScriptsTestExecutionListener@3bbd06b0]
[INFO] [2016-12-14 13:36:46][org.springframework.beans.factory.xml.XmlBeanDefinitionReader]Loading XML bean definitions from class path resource [spring-mybatis.xml]
[INFO] [2016-12-14 13:36:46][org.springframework.context.support.GenericApplicationContext]Refreshing org.springframework.context.support.GenericApplicationContext@364e2899: startup date [Wed Dec 14 13:36:46 CST 2016]; root of context hierarchy
[INFO] [2016-12-14 13:36:46][org.springframework.beans.factory.config.PropertyPlaceholderConfigurer]Loading properties file from class path resource [jdbc.properties]
[INFO] [2016-12-14 13:36:46][org.springframework.beans.factory.annotation.AutowiredAnnotationBeanPostProcessor]JSR-330 'javax.inject.Inject' annotation found and supported for autowiring
[INFO] [2016-12-14 13:36:46][com.alibaba.druid.pool.DruidDataSource]{dataSource-1} inited
[INFO] [2016-12-14 13:36:49][org.springframework.context.support.GenericApplicationContext]Closing org.springframework.context.support.GenericApplicationContext@364e2899: startup date [Wed Dec 14 13:36:46 CST 2016]; root of context hierarchy
[INFO] [2016-12-14 13:36:49][com.alibaba.druid.pool.DruidDataSource]{dataSource-1} closed
[INFO] [2016-12-14 13:37:22][org.springframework.test.context.support.DefaultTestContextBootstrapper]Loaded default TestExecutionListener class names from location [META-INF/spring.factories]: [org.springframework.test.context.web.ServletTestExecutionListener, org.springframework.test.context.support.DependencyInjectionTestExecutionListener, org.springframework.test.context.support.DirtiesContextTestExecutionListener, org.springframework.test.context.transaction.TransactionalTestExecutionListener, org.springframework.test.context.jdbc.SqlScriptsTestExecutionListener]
[INFO] [2016-12-14 13:37:22][org.springframework.test.context.support.DefaultTestContextBootstrapper]Using TestExecutionListeners: [org.springframework.test.context.web.ServletTestExecutionListener@684aaace, org.springframework.test.context.support.DependencyInjectionTestExecutionListener@7e13efdf, org.springframework.test.context.support.DirtiesContextTestExecutionListener@4ee95a23, org.springframework.test.context.transaction.TransactionalTestExecutionListener@3a1cd84e, org.springframework.test.context.jdbc.SqlScriptsTestExecutionListener@3bbd06b0]
[INFO] [2016-12-14 13:37:22][org.springframework.beans.factory.xml.XmlBeanDefinitionReader]Loading XML bean definitions from class path resource [spring-mybatis.xml]
[INFO] [2016-12-14 13:37:22][org.springframework.context.support.GenericApplicationContext]Refreshing org.springframework.context.support.GenericApplicationContext@364e2899: startup date [Wed Dec 14 13:37:22 CST 2016]; root of context hierarchy
[INFO] [2016-12-14 13:37:22][org.springframework.beans.factory.config.PropertyPlaceholderConfigurer]Loading properties file from class path resource [jdbc.properties]
[INFO] [2016-12-14 13:37:22][org.springframework.beans.factory.annotation.AutowiredAnnotationBeanPostProcessor]JSR-330 'javax.inject.Inject' annotation found and supported for autowiring
[INFO] [2016-12-14 13:37:23][com.alibaba.druid.pool.DruidDataSource]{dataSource-1} inited
[INFO] [2016-12-14 13:37:24][org.springframework.context.support.GenericApplicationContext]Closing org.springframework.context.support.GenericApplicationContext@364e2899: startup date [Wed Dec 14 13:37:22 CST 2016]; root of context hierarchy
[INFO] [2016-12-14 13:37:24][com.alibaba.druid.pool.DruidDataSource]{dataSource-1} closed
[INFO] [2016-12-14 13:38:07][org.springframework.test.context.support.DefaultTestContextBootstrapper]Loaded default TestExecutionListener class names from location [META-INF/spring.factories]: [org.springframework.test.context.web.ServletTestExecutionListener, org.springframework.test.context.support.DependencyInjectionTestExecutionListener, org.springframework.test.context.support.DirtiesContextTestExecutionListener, org.springframework.test.context.transaction.TransactionalTestExecutionListener, org.springframework.test.context.jdbc.SqlScriptsTestExecutionListener]
[INFO] [2016-12-14 13:38:07][org.springframework.test.context.support.DefaultTestContextBootstrapper]Using TestExecutionListeners: [org.springframework.test.context.web.ServletTestExecutionListener@30d12826, org.springframework.test.context.support.DependencyInjectionTestExecutionListener@73a2efd3, org.springframework.test.context.support.DirtiesContextTestExecutionListener@4e2f40f4, org.springframework.test.context.transaction.TransactionalTestExecutionListener@517b46, org.springframework.test.context.jdbc.SqlScriptsTestExecutionListener@657430d3]
[INFO] [2016-12-14 13:38:07][org.springframework.beans.factory.xml.XmlBeanDefinitionReader]Loading XML bean definitions from class path resource [spring-mybatis.xml]
[INFO] [2016-12-14 13:38:07][org.springframework.context.support.GenericApplicationContext]Refreshing org.springframework.context.support.GenericApplicationContext@3ccccd19: startup date [Wed Dec 14 13:38:07 CST 2016]; root of context hierarchy
[INFO] [2016-12-14 13:38:07][org.springframework.beans.factory.config.PropertyPlaceholderConfigurer]Loading properties file from class path resource [jdbc.properties]
[INFO] [2016-12-14 13:38:07][org.springframework.beans.factory.annotation.AutowiredAnnotationBeanPostProcessor]JSR-330 'javax.inject.Inject' annotation found and supported for autowiring
[INFO] [2016-12-14 13:38:08][com.alibaba.druid.pool.DruidDataSource]{dataSource-1} inited
[INFO] [2016-12-14 13:39:25][org.springframework.context.support.GenericApplicationContext]Closing org.springframework.context.support.GenericApplicationContext@3ccccd19: startup date [Wed Dec 14 13:38:07 CST 2016]; root of context hierarchy
[INFO] [2016-12-14 13:39:26][com.alibaba.druid.pool.DruidDataSource]{dataSource-1} closed
[INFO] [2016-12-14 13:40:29][org.springframework.test.context.support.DefaultTestContextBootstrapper]Loaded default TestExecutionListener class names from location [META-INF/spring.factories]: [org.springframework.test.context.web.ServletTestExecutionListener, org.springframework.test.context.support.DependencyInjectionTestExecutionListener, org.springframework.test.context.support.DirtiesContextTestExecutionListener, org.springframework.test.context.transaction.TransactionalTestExecutionListener, org.springframework.test.context.jdbc.SqlScriptsTestExecutionListener]
[INFO] [2016-12-14 13:40:29][org.springframework.test.context.support.DefaultTestContextBootstrapper]Using TestExecutionListeners: [org.springframework.test.context.web.ServletTestExecutionListener@684aaace, org.springframework.test.context.support.DependencyInjectionTestExecutionListener@7e13efdf, org.springframework.test.context.support.DirtiesContextTestExecutionListener@4ee95a23, org.springframework.test.context.transaction.TransactionalTestExecutionListener@3a1cd84e, org.springframework.test.context.jdbc.SqlScriptsTestExecutionListener@3bbd06b0]
[INFO] [2016-12-14 13:40:29][org.springframework.beans.factory.xml.XmlBeanDefinitionReader]Loading XML bean definitions from class path resource [spring-mybatis.xml]
[INFO] [2016-12-14 13:40:29][org.springframework.context.support.GenericApplicationContext]Refreshing org.springframework.context.support.GenericApplicationContext@364e2899: startup date [Wed Dec 14 13:40:29 CST 2016]; root of context hierarchy
[INFO] [2016-12-14 13:40:30][org.springframework.beans.factory.config.PropertyPlaceholderConfigurer]Loading properties file from class path resource [jdbc.properties]
[INFO] [2016-12-14 13:40:30][org.springframework.beans.factory.annotation.AutowiredAnnotationBeanPostProcessor]JSR-330 'javax.inject.Inject' annotation found and supported for autowiring
[INFO] [2016-12-14 13:40:30][com.alibaba.druid.pool.DruidDataSource]{dataSource-1} inited
[INFO] [2016-12-14 13:40:31][org.lf.yydp.load.BaseLoad]File downLoad success: D:\mygit\yydp\yydp\temp\shanghai
[INFO] [2016-12-14 13:40:31][org.springframework.context.support.GenericApplicationContext]Closing org.springframework.context.support.GenericApplicationContext@364e2899: startup date [Wed Dec 14 13:40:29 CST 2016]; root of context hierarchy
[INFO] [2016-12-14 13:40:31][com.alibaba.druid.pool.DruidDataSource]{dataSource-1} closed
[INFO] [2016-12-14 13:56:28][org.springframework.test.context.support.DefaultTestContextBootstrapper]Loaded default TestExecutionListener class names from location [META-INF/spring.factories]: [org.springframework.test.context.web.ServletTestExecutionListener, org.springframework.test.context.support.DependencyInjectionTestExecutionListener, org.springframework.test.context.support.DirtiesContextTestExecutionListener, org.springframework.test.context.transaction.TransactionalTestExecutionListener, org.springframework.test.context.jdbc.SqlScriptsTestExecutionListener]
[INFO] [2016-12-14 13:56:28][org.springframework.test.context.support.DefaultTestContextBootstrapper]Using TestExecutionListeners: [org.springframework.test.context.web.ServletTestExecutionListener@434ec48f, org.springframework.test.context.support.DependencyInjectionTestExecutionListener@684aaace, org.springframework.test.context.support.DirtiesContextTestExecutionListener@7e13efdf, org.springframework.test.context.transaction.TransactionalTestExecutionListener@4ee95a23, org.springframework.test.context.jdbc.SqlScriptsTestExecutionListener@3a1cd84e]
[INFO] [2016-12-14 13:56:28][org.springframework.beans.factory.xml.XmlBeanDefinitionReader]Loading XML bean definitions from class path resource [spring-mybatis.xml]
[INFO] [2016-12-14 13:56:28][org.springframework.context.support.GenericApplicationContext]Refreshing org.springframework.context.support.GenericApplicationContext@74b76ce4: startup date [Wed Dec 14 13:56:28 CST 2016]; root of context hierarchy
[INFO] [2016-12-14 13:56:28][org.springframework.beans.factory.config.PropertyPlaceholderConfigurer]Loading properties file from class path resource [jdbc.properties]
[INFO] [2016-12-14 13:56:28][org.springframework.beans.factory.annotation.AutowiredAnnotationBeanPostProcessor]JSR-330 'javax.inject.Inject' annotation found and supported for autowiring
[INFO] [2016-12-14 13:56:28][com.alibaba.druid.pool.DruidDataSource]{dataSource-1} inited
[INFO] [2016-12-14 13:56:29][org.springframework.context.support.GenericApplicationContext]Closing org.springframework.context.support.GenericApplicationContext@74b76ce4: startup date [Wed Dec 14 13:56:28 CST 2016]; root of context hierarchy
[INFO] [2016-12-14 13:56:29][com.alibaba.druid.pool.DruidDataSource]{dataSource-1} closed
[INFO] [2016-12-14 13:57:11][org.springframework.test.context.support.DefaultTestContextBootstrapper]Loaded default TestExecutionListener class names from location [META-INF/spring.factories]: [org.springframework.test.context.web.ServletTestExecutionListener, org.springframework.test.context.support.DependencyInjectionTestExecutionListener, org.springframework.test.context.support.DirtiesContextTestExecutionListener, org.springframework.test.context.transaction.TransactionalTestExecutionListener, org.springframework.test.context.jdbc.SqlScriptsTestExecutionListener]
[INFO] [2016-12-14 13:57:11][org.springframework.test.context.support.DefaultTestContextBootstrapper]Using TestExecutionListeners: [org.springframework.test.context.web.ServletTestExecutionListener@434ec48f, org.springframework.test.context.support.DependencyInjectionTestExecutionListener@684aaace, org.springframework.test.context.support.DirtiesContextTestExecutionListener@7e13efdf, org.springframework.test.context.transaction.TransactionalTestExecutionListener@4ee95a23, org.springframework.test.context.jdbc.SqlScriptsTestExecutionListener@3a1cd84e]
[INFO] [2016-12-14 13:57:11][org.springframework.beans.factory.xml.XmlBeanDefinitionReader]Loading XML bean definitions from class path resource [spring-mybatis.xml]
[INFO] [2016-12-14 13:57:12][org.springframework.context.support.GenericApplicationContext]Refreshing org.springframework.context.support.GenericApplicationContext@74b76ce4: startup date [Wed Dec 14 13:57:12 CST 2016]; root of context hierarchy
[INFO] [2016-12-14 13:57:12][org.springframework.beans.factory.config.PropertyPlaceholderConfigurer]Loading properties file from class path resource [jdbc.properties]
[INFO] [2016-12-14 13:57:12][org.springframework.beans.factory.annotation.AutowiredAnnotationBeanPostProcessor]JSR-330 'javax.inject.Inject' annotation found and supported for autowiring
[INFO] [2016-12-14 13:57:12][com.alibaba.druid.pool.DruidDataSource]{dataSource-1} inited
[INFO] [2016-12-14 13:57:13][org.lf.yydp.load.BaseLoad]File downLoad success: D:\mygit\yydp\yydp\temp\China_Guangdong_Province_Shenzen
[INFO] [2016-12-14 13:57:13][org.springframework.context.support.GenericApplicationContext]Closing org.springframework.context.support.GenericApplicationContext@74b76ce4: startup date [Wed Dec 14 13:57:12 CST 2016]; root of context hierarchy
[INFO] [2016-12-14 13:57:13][com.alibaba.druid.pool.DruidDataSource]{dataSource-1} closed
